<?xml version="1.0" encoding="UTF-8"?>
<!-- Generated by org.testng.reporters.JUnitReportReporter -->
<testsuite hostname="DESKTOP-V89NTNP" failures="0" tests="2" name="tests.LoginTest" time="27.039" errors="0" timestamp="2024-05-27T16:46:17 IST" skipped="0">
  <testcase classname="tests.LoginTest" name="login" time="19.054"/>
  <system-out/>
  <testcase classname="tests.LoginTest" name="login" time="7.985"/>
  <system-out/>
</testsuite> <!-- tests.LoginTest -->
