<?xml version="1.0" encoding="UTF-8"?>
<!-- Generated by org.testng.reporters.JUnitReportReporter -->
<testsuite hostname="DESKTOP-V89NTNP" failures="0" tests="1" name="runner.Runner" time="9.081" errors="0" timestamp="2024-05-30T11:08:37 IST" skipped="0">
  <testcase classname="runner.Runner" name="runScenario" time="9.081"/>
  <system-out/>
</testsuite> <!-- runner.Runner -->
