<?xml version="1.0" encoding="UTF-8"?>
<!-- Generated by org.testng.reporters.JUnitReportReporter -->
<testsuite hostname="DESKTOP-V89NTNP" failures="0" tests="1" name="tests.TwoTest" time="6.028" errors="0" timestamp="2024-05-27T16:46:17 IST" skipped="0">
  <testcase classname="tests.TwoTest" name="testTwo" time="6.028"/>
  <system-out/>
</testsuite> <!-- tests.TwoTest -->
