<?xml version="1.0" encoding="UTF-8"?>
<!-- Generated by org.testng.reporters.JUnitReportReporter -->
<testsuite hostname="DESKTOP-V89NTNP" failures="0" tests="2" name="tests.LoginTest" time="31.484" errors="0" timestamp="2024-05-24T17:34:03 IST" skipped="0">
  <testcase classname="tests.LoginTest" name="login" time="10.320"/>
  <system-out/>
  <testcase classname="tests.LoginTest" name="login" time="21.164"/>
  <system-out/>
</testsuite> <!-- tests.LoginTest -->
