<?xml version="1.0" encoding="UTF-8"?>
<!-- Generated by org.testng.reporters.JUnitReportReporter -->
<testsuite hostname="DESKTOP-V89NTNP" failures="0" tests="1" name="tests.TwoTest" time="0.004" errors="0" timestamp="2024-05-24T17:34:03 IST" skipped="0">
  <testcase classname="tests.TwoTest" name="testTwo" time="0.004"/>
  <system-out/>
</testsuite> <!-- tests.TwoTest -->
